<?xml version="1.0" encoding="UTF-8"?>
<!-- Generated by org.testng.reporters.JUnitReportReporter -->
<testsuite skipped="0" hostname="ASDP1510_PO01976" name="com.qait.testScripts.Register" tests="3" failures="0" timestamp="23 Jul 2019 09:51:53 GMT" time="3.863" errors="0">
  <testcase name="usingWrongBodyParametersInformation" time="1.092" classname="com.qait.testScripts.Register"/>
  <testcase name="enterCorrectInformation" time="2.149" classname="com.qait.testScripts.Register"/>
  <testcase name="sendIncompleteInformation" time="0.622" classname="com.qait.testScripts.Register"/>
</testsuite> <!-- com.qait.testScripts.Register -->
