<?xml version="1.0" encoding="UTF-8"?>
<!-- Generated by org.testng.reporters.JUnitReportReporter -->
<testsuite skipped="0" hostname="ASDP1510_PO01976" name="com.qait.testScripts.WeatherInfo" tests="2" failures="0" timestamp="23 Jul 2019 06:25:52 GMT" time="2.557" errors="0">
  <testcase name="checkWeatherInvalidCity" time="0.679" classname="com.qait.testScripts.WeatherInfo"/>
  <testcase name="checkWeatherDetails" time="1.878" classname="com.qait.testScripts.WeatherInfo"/>
</testsuite> <!-- com.qait.testScripts.WeatherInfo -->
