<?xml version="1.0" encoding="UTF-8"?>
<!-- Generated by org.testng.reporters.JUnitReportReporter -->
<testsuite skipped="0" hostname="ASDP1510_PO01976" name="SimpleGetTest" tests="1" failures="0" timestamp="23 Jul 2019 06:12:41 GMT" time="2.269" errors="0">
  <testcase name="GetWeatherDetails" time="2.269" classname="SimpleGetTest"/>
</testsuite> <!-- SimpleGetTest -->
